<?xml version="1.0" encoding="UTF-8"?>
<!-- Generated by org.testng.reporters.JUnitReportReporter -->
<testsuite hostname="DESKTOP-G6AMA9D" failures="0" tests="2" name="testngkeyword1.NewTest_priority" time="0.028" errors="0" timestamp="2022-06-19T16:37:34 IST" skipped="0">
  <testcase classname="testngkeyword1.NewTest_priority" name="Poonika" time="0.007"/>
  <system-out>
    <![CDATA[B is running]]>
  </system-out>
  <testcase classname="testngkeyword1.NewTest_priority" name="Poonam" time="0.021"/>
  <system-out>
    <![CDATA[A is running]]>
  </system-out>
</testsuite> <!-- testngkeyword1.NewTest_priority -->
