<?xml version="1.0" encoding="UTF-8"?>
<!-- Generated by org.testng.reporters.JUnitReportReporter -->
<testsuite hostname="DESKTOP-G6AMA9D" failures="0" tests="4" name="testngkeyword1.ProrityKeyword" time="0.045" errors="0" timestamp="2022-06-19T15:37:02 IST" skipped="0">
  <testcase classname="testngkeyword1.ProrityKeyword" name="B" time="0.038"/>
  <system-out>
    <![CDATA[B is running]]>
  </system-out>
  <testcase classname="testngkeyword1.ProrityKeyword" name="A" time="0.002"/>
  <system-out>
    <![CDATA[A is running]]>
  </system-out>
  <testcase classname="testngkeyword1.ProrityKeyword" name="C" time="0.002"/>
  <system-out>
    <![CDATA[C is running]]>
  </system-out>
  <testcase classname="testngkeyword1.ProrityKeyword" name="D" time="0.003"/>
  <system-out>
    <![CDATA[D is running]]>
  </system-out>
</testsuite> <!-- testngkeyword1.ProrityKeyword -->
