<?xml version="1.0" encoding="UTF-8"?>
<!-- Generated by org.testng.reporters.JUnitReportReporter -->
<testsuite hostname="DESKTOP-G6AMA9D" failures="0" tests="3" name="testngkeyword1.ProrityUse1" time="0.032" errors="0" timestamp="2022-06-19T15:49:33 IST" skipped="0">
  <testcase classname="testngkeyword1.ProrityUse1" name="c" time="0.021"/>
  <system-out>
    <![CDATA[c is running]]>
  </system-out>
  <testcase classname="testngkeyword1.ProrityUse1" name="A" time="0.004"/>
  <system-out>
    <![CDATA[A is running]]>
  </system-out>
  <testcase classname="testngkeyword1.ProrityUse1" name="B" time="0.007"/>
  <system-out>
    <![CDATA[B is running]]>
  </system-out>
</testsuite> <!-- testngkeyword1.ProrityUse1 -->
