<?xml version="1.0" encoding="UTF-8"?>
<!-- Generated by org.testng.reporters.JUnitReportReporter -->
<testsuite hostname="DESKTOP-G6AMA9D" failures="0" tests="2" name="testNG.AnnotationsStudy12" time="0.026" errors="0" timestamp="2022-06-16T00:22:36 IST" skipped="0">
  <testcase classname="testNG.AnnotationsStudy12" name="MYtest3" time="0.007"/>
  <system-out>
    <![CDATA[MYtest 3 is running]]>
  </system-out>
  <testcase classname="testNG.AnnotationsStudy12" name="MYtest2" time="0.019"/>
  <system-out>
    <![CDATA[MYtest2 method is running]]>
  </system-out>
</testsuite> <!-- testNG.AnnotationsStudy12 -->
