<?xml version="1.0" encoding="UTF-8"?>
<!-- Generated by org.testng.reporters.JUnitReportReporter -->
<testsuite hostname="DESKTOP-G6AMA9D" failures="0" tests="3" name="testNG.NewTest1" time="42.004" errors="0" timestamp="2022-06-17T16:11:04 IST" skipped="0">
  <testcase classname="testNG.NewTest1" name="MYmethod1" time="10.611"/>
  <system-out>
    <![CDATA[MYmethod1 is running]]>
  </system-out>
  <testcase classname="testNG.NewTest1" name="MYmethod" time="20.919"/>
  <system-out/>
  <testcase classname="testNG.NewTest1" name="MYmethod2" time="10.474"/>
  <system-out>
    <![CDATA[MYmethod2 is running]]>
  </system-out>
</testsuite> <!-- testNG.NewTest1 -->
