<?xml version="1.0" encoding="UTF-8"?>
<!-- Generated by org.testng.reporters.JUnitReportReporter -->
<testsuite hostname="DESKTOP-G6AMA9D" failures="0" tests="1" name="mytestng.Test1" time="23.158" errors="0" timestamp="2022-06-17T17:16:26 IST" skipped="0">
  <testcase classname="mytestng.Test1" name="mYmethod1" time="23.158"/>
  <system-out/>
</testsuite> <!-- mytestng.Test1 -->
