<?xml version="1.0" encoding="UTF-8"?>
<!-- Generated by org.testng.reporters.JUnitReportReporter -->
<testsuite hostname="DESKTOP-G6AMA9D" failures="0" tests="1" name="mytestng.NewTest123" time="22.667" errors="0" timestamp="2022-06-17T17:19:39 IST" skipped="0">
  <testcase classname="mytestng.NewTest123" name="method12" time="22.667"/>
  <system-out>
    <![CDATA[Chekbox is not selected]]>
  </system-out>
</testsuite> <!-- mytestng.NewTest123 -->
