<?xml version="1.0" encoding="UTF-8"?>
<!-- Generated by org.testng.reporters.JUnitReportReporter -->
<testsuite hostname="DESKTOP-G6AMA9D" failures="0" tests="5" name="testngkeyword1.Invvatationcout" time="0.088" errors="0" timestamp="2022-06-19T15:02:40 IST" skipped="0">
  <testcase classname="testngkeyword1.Invvatationcout" name="Mymethod123" time="0.007"/>
  <system-out>
    <![CDATA[MY method is running]]>
  </system-out>
  <testcase classname="testngkeyword1.Invvatationcout" name="Mymethod123" time="0.011"/>
  <system-out>
    <![CDATA[MY method is running]]>
  </system-out>
  <testcase classname="testngkeyword1.Invvatationcout" name="Mymethod123" time="0.049"/>
  <system-out>
    <![CDATA[MY method is running]]>
  </system-out>
  <testcase classname="testngkeyword1.Invvatationcout" name="Mymethod123" time="0.013"/>
  <system-out>
    <![CDATA[MY method is running]]>
  </system-out>
  <testcase classname="testngkeyword1.Invvatationcout" name="Mymethod123" time="0.008"/>
  <system-out>
    <![CDATA[MY method is running]]>
  </system-out>
</testsuite> <!-- testngkeyword1.Invvatationcout -->
