<?xml version="1.0" encoding="UTF-8"?>
<!-- Generated by org.testng.reporters.JUnitReportReporter -->
<testsuite hostname="DESKTOP-G6AMA9D" failures="0" tests="4" name="testngkeyword1.EnabledUse" time="0.027" errors="0" timestamp="2022-06-19T16:52:26 IST" skipped="1">
  <testcase classname="testngkeyword1.EnabledUse" name="A" time="0.019"/>
  <system-out>
    <![CDATA[A is running]]>
  </system-out>
  <testcase classname="testngkeyword1.EnabledUse" name="C" time="0.003"/>
  <system-out>
    <![CDATA[C is running]]>
  </system-out>
  <testcase classname="testngkeyword1.EnabledUse" name="D" time="0.005"/>
  <system-out>
    <![CDATA[D is running]]>
  </system-out>
  <testcase classname="testngkeyword1.EnabledUse" name="B">
    <skipped/>
  </testcase> <!-- B -->
  <system-out/>
</testsuite> <!-- testngkeyword1.EnabledUse -->
