<?xml version="1.0" encoding="UTF-8"?>
<!-- Generated by org.testng.reporters.JUnitReportReporter -->
<testsuite hostname="DESKTOP-G6AMA9D" failures="0" tests="2" name="testNG.AnnatationStudy" time="0.029" errors="0" timestamp="2022-06-17T17:17:03 IST" skipped="0">
  <testcase classname="testNG.AnnatationStudy" name="MYtest1" time="0.014"/>
  <system-out>
    <![CDATA[MYtest1 is running]]>
  </system-out>
  <testcase classname="testNG.AnnatationStudy" name="MYtest" time="0.015"/>
  <system-out>
    <![CDATA[Test method is running]]>
  </system-out>
</testsuite> <!-- testNG.AnnatationStudy -->
